<?xml version="1.0" encoding="UTF-8"?>
<testsuite name="org.springframework.samples.petclinic.medicamento.MedicamentoTest" time="1.477" tests="10" errors="0" skipped="0" failures="0">
  <properties>
[...]
</properties>
  <testcase name="testProcessCreationFormSuccess" classname="org.springframework.samples.petclinic.medicamento.MedicamentoTest" time="0.339"/>
  <testcase name="testInitFindForm" classname="org.springframework.samples.petclinic.medicamento.MedicamentoTest" time="0.75"/>
  <testcase name="testProcessUpdateMedicamentoFormSuccess" classname="org.springframework.samples.petclinic.medicamento.MedicamentoTest" time="0.013"/>
  <testcase name="testShowOwner" classname="org.springframework.samples.petclinic.medicamento.MedicamentoTest" time="0.11"/>
  <testcase name="testProcessFindFormByNombre" classname="org.springframework.samples.petclinic.medicamento.MedicamentoTest" time="0.026"/>
  <testcase name="testProcessFindFormNoMedicamentosFound" classname="org.springframework.samples.petclinic.medicamento.MedicamentoTest" time="0.045"/>
  <testcase name="testInitUpdateMedicamentoForm" classname="org.springframework.samples.petclinic.medicamento.MedicamentoTest" time="0.061"/>
  <testcase name="testInitCreationForm" classname="org.springframework.samples.petclinic.medicamento.MedicamentoTest" time="0.035"/>
  <testcase name="testProcessFindFormSuccess" classname="org.springframework.samples.petclinic.medicamento.MedicamentoTest" time="0.044"/>
  <testcase name="testProcessUpdateMedicamentoFormHasErrors" classname="org.springframework.samples.petclinic.medicamento.MedicamentoTest" time="0.054"/>
</testsuite>